<?xml version="1.0" encoding="utf-8"?>
<rss version="2.0" xmlns:atom="http://www.w3.org/2005/Atom">
<channel>
<title><![CDATA[Example.com - test]]></title>
<description><![CDATA[Example.com - test]]></description>
<link>https://mcasrom.github.io/Blogging-con-Emacs-y-AI//tag-test.html</link>
<lastBuildDate>Mon, 31 Mar 2025 14:52:26 +0200</lastBuildDate>
<item>
  <title><![CDATA[test monthly]]></title>
  <description><![CDATA[
<nav id="table-of-contents" role="doc-toc">
<h2>Table of Contents</h2>
<div id="text-table-of-contents" role="doc-toc">
<ul>
<li><a href="#org328aa25">1. Monthly Testing</a></li>
</ul>
</div>
</nav>
<div id="outline-container-org328aa25" class="outline-2">
<h2 id="org328aa25"><span class="section-number-2">1.</span> Monthly Testing</h2>
</div>
<div class="taglist"><a href="https://mcasrom.github.io/Blogging-con-Emacs-y-AI/tags.html">Categor√≠a</a>: <a href="https://mcasrom.github.io/Blogging-con-Emacs-y-AI/tag-test.html">test</a> </div>]]></description>
  <category><![CDATA[test]]></category>
  <link>https://mcasrom.github.io/Blogging-con-Emacs-y-AI/2025-03-31-test-monthly.html</link>
  <guid>https://mcasrom.github.io/Blogging-con-Emacs-y-AI/2025-03-31-test-monthly.html</guid>
  <pubDate>Mon, 31 Mar 2025 08:56:00 +0200</pubDate>
</item>
</channel>
</rss>
